{"numTotalTestSuites":668,"numPassedTestSuites":658,"numFailedTestSuites":10,"numPendingTestSuites":0,"numTotalTests":1753,"numPassedTests":1344,"numFailedTests":409,"numPendingTests":0,"numTodoTests":0,"startTime":1753988022330,"success":false,"testResults":[{"assertionResults":[{"ancestorTitles":["","Debug Character Generation"],"fullName":" Debug Character Generation should import character generation system","status":"passed","title":"should import character generation system","duration":11,"failureMessages":[]},{"ancestorTitles":["","Debug Character Generation"],"fullName":" Debug Character Generation should create a basic character","status":"passed","title":"should create a basic character","duration":3,"failureMessages":[]},{"ancestorTitles":["","Debug Character Generation"],"fullName":" Debug Character Generation should generate random character","status":"failed","title":"should generate random character","duration":6,"failureMessages":["expected false to be true // Object.is equality"],"location":{"line":100,"column":30}}],"startTime":1753988036074,"endTime":1753988036094,"status":"failed","message":"","name":"/Users/austinorphan/Library/Mobile Documents/com~apple~CloudDocs/src/learnimals/tests/debug-character.test.js"},{"assertionResults":[{"ancestorTitles":["","ARIA Compliance Tests","ARIA Labels and Descriptions"],"fullName":" ARIA Compliance Tests ARIA Labels and Descriptions should properly set aria-label attributes","status":"failed","title":"should properly set aria-label attributes","duration":34,"failureMessages":["Cannot read properties of null (reading 'polite')"],"location":{"line":404,"column":24}},{"ancestorTitles":["","ARIA Compliance Tests","ARIA Labels and Descriptions"],"fullName":" ARIA Compliance Tests ARIA Labels and Descriptions should properly set aria-labelledby attributes","status":"failed","title":"should properly set aria-labelledby attributes","duration":4,"failureMessages":["Cannot read properties of null (reading 'polite')"],"location":{"line":404,"column":24}},{"ancestorTitles":["","ARIA Compliance Tests","ARIA Labels and Descriptions"],"fullName":" ARIA Compliance Tests ARIA Labels and Descriptions should properly set aria-describedby attributes","status":"failed","title":"should properly set aria-describedby attributes","duration":2,"failureMessages":["Cannot read properties of null (reading 'polite')"],"location":{"line":404,"column":24}},{"ancestorTitles":["","ARIA Compliance Tests","ARIA Labels and Descriptions"],"fullName":" ARIA Compliance Tests ARIA Labels and Descriptions should validate accessible names for buttons","status":"failed","title":"should validate accessible names for buttons","duration":4,"failureMessages":["expected 'Submit' to be true // Object.is equality"],"location":{"line":126,"column":69}},{"ancestorTitles":["","ARIA Compliance Tests","ARIA Labels and Descriptions"],"fullName":" ARIA Compliance Tests ARIA Labels and Descriptions should validate form input labels","status":"failed","title":"should validate form input labels","duration":2,"failureMessages":["expected 'Search query' to be true // Object.is equality"],"location":{"line":159,"column":64}},{"ancestorTitles":["","ARIA Compliance Tests","ARIA Labels and Descriptions"],"fullName":" ARIA Compliance Tests ARIA Labels and Descriptions should validate image alt text","status":"passed","title":"should validate image alt text","duration":2,"failureMessages":[]},{"ancestorTitles":["","ARIA Compliance Tests","ARIA Roles"],"fullName":" ARIA Compliance Tests ARIA Roles should validate ARIA role usage","status":"passed","title":"should validate ARIA role usage","duration":1,"failureMessages":[]},{"ancestorTitles":["","ARIA Compliance Tests","ARIA Roles"],"fullName":" ARIA Compliance Tests ARIA Roles should set appropriate roles for components","status":"failed","title":"should set appropriate roles for components","duration":2,"failureMessages":["Cannot read properties of null (reading 'polite')"],"location":{"line":404,"column":24}},{"ancestorTitles":["","ARIA Compliance Tests","ARIA Roles"],"fullName":" ARIA Compliance Tests ARIA Roles should ensure required ARIA properties for roles","status":"passed","title":"should ensure required ARIA properties for roles","duration":2,"failureMessages":[]},{"ancestorTitles":["","ARIA Compliance Tests","ARIA Roles"],"fullName":" ARIA Compliance Tests ARIA Roles should properly handle composite widgets","status":"passed","title":"should properly handle composite widgets","duration":1,"failureMessages":[]},{"ancestorTitles":["","ARIA Compliance Tests","ARIA States and Properties"],"fullName":" ARIA Compliance Tests ARIA States and Properties should handle aria-expanded for collapsible content","status":"passed","title":"should handle aria-expanded for collapsible content","duration":2,"failureMessages":[]},{"ancestorTitles":["","ARIA Compliance Tests","ARIA States and Properties"],"fullName":" ARIA Compliance Tests ARIA States and Properties should handle aria-checked for checkboxes and radio buttons","status":"passed","title":"should handle aria-checked for checkboxes and radio buttons","duration":1,"failureMessages":[]},{"ancestorTitles":["","ARIA Compliance Tests","ARIA States and Properties"],"fullName":" ARIA Compliance Tests ARIA States and Properties should handle aria-disabled and aria-readonly","status":"passed","title":"should handle aria-disabled and aria-readonly","duration":1,"failureMessages":[]},{"ancestorTitles":["","ARIA Compliance Tests","ARIA States and Properties"],"fullName":" ARIA Compliance Tests ARIA States and Properties should handle aria-invalid for form validation","status":"passed","title":"should handle aria-invalid for form validation","duration":1,"failureMessages":[]},{"ancestorTitles":["","ARIA Compliance Tests","ARIA Live Regions"],"fullName":" ARIA Compliance Tests ARIA Live Regions should create and manage live regions","status":"passed","title":"should create and manage live regions","duration":4,"failureMessages":[]},{"ancestorTitles":["","ARIA Compliance Tests","ARIA Live Regions"],"fullName":" ARIA Compliance Tests ARIA Live Regions should validate aria-live values","status":"passed","title":"should validate aria-live values","duration":1,"failureMessages":[]},{"ancestorTitles":["","ARIA Compliance Tests","ARIA Live Regions"],"fullName":" ARIA Compliance Tests ARIA Live Regions should handle status messages correctly","status":"passed","title":"should handle status messages correctly","duration":1,"failureMessages":[]},{"ancestorTitles":["","ARIA Compliance Tests","ARIA Live Regions"],"fullName":" ARIA Compliance Tests ARIA Live Regions should handle alert messages correctly","status":"passed","title":"should handle alert messages correctly","duration":1,"failureMessages":[]},{"ancestorTitles":["","ARIA Compliance Tests","Landmark Roles"],"fullName":" ARIA Compliance Tests Landmark Roles should validate landmark structure","status":"passed","title":"should validate landmark structure","duration":1,"failureMessages":[]},{"ancestorTitles":["","ARIA Compliance Tests","Landmark Roles"],"fullName":" ARIA Compliance Tests Landmark Roles should ensure main landmark exists","status":"passed","title":"should ensure main landmark exists","duration":1,"failureMessages":[]},{"ancestorTitles":["","ARIA Compliance Tests","Landmark Roles"],"fullName":" ARIA Compliance Tests Landmark Roles should handle multiple navigation landmarks","status":"passed","title":"should handle multiple navigation landmarks","duration":1,"failureMessages":[]},{"ancestorTitles":["","ARIA Compliance Tests","AccessibleComponent Integration"],"fullName":" ARIA Compliance Tests AccessibleComponent Integration should automatically apply semantic structure","status":"failed","title":"should automatically apply semantic structure","duration":2,"failureMessages":["Cannot read properties of null (reading 'polite')"],"location":{"line":404,"column":24}},{"ancestorTitles":["","ARIA Compliance Tests","AccessibleComponent Integration"],"fullName":" ARIA Compliance Tests AccessibleComponent Integration should fix heading hierarchy","status":"passed","title":"should fix heading hierarchy","duration":5,"failureMessages":[]},{"ancestorTitles":["","ARIA Compliance Tests","AccessibleComponent Integration"],"fullName":" ARIA Compliance Tests AccessibleComponent Integration should setup list semantics","status":"passed","title":"should setup list semantics","duration":29,"failureMessages":[]},{"ancestorTitles":["","ARIA Compliance Tests","ARIA Best Practices"],"fullName":" ARIA Compliance Tests ARIA Best Practices should not use both aria-label and aria-labelledby","status":"passed","title":"should not use both aria-label and aria-labelledby","duration":1,"failureMessages":[]},{"ancestorTitles":["","ARIA Compliance Tests","ARIA Best Practices"],"fullName":" ARIA Compliance Tests ARIA Best Practices should use semantic HTML elements when appropriate","status":"passed","title":"should use semantic HTML elements when appropriate","duration":1,"failureMessages":[]},{"ancestorTitles":["","ARIA Compliance Tests","ARIA Best Practices"],"fullName":" ARIA Compliance Tests ARIA Best Practices should properly associate form controls with labels","status":"passed","title":"should properly associate form controls with labels","duration":2,"failureMessages":[]}],"startTime":1753988030076,"endTime":1753988030185,"status":"failed","message":"","name":"/Users/austinorphan/Library/Mobile Documents/com~apple~CloudDocs/src/learnimals/tests/accessibility/aria-compliance.test.js"},{"assertionResults":[{"ancestorTitles":["","ARIA Game-Specific Patterns","Canvas Game Accessibility"],"fullName":" ARIA Game-Specific Patterns Canvas Game Accessibility should provide accessible canvas with proper labeling","status":"passed","title":"should provide accessible canvas with proper labeling","duration":13,"failureMessages":[]},{"ancestorTitles":["","ARIA Game-Specific Patterns","Canvas Game Accessibility"],"fullName":" ARIA Game-Specific Patterns Canvas Game Accessibility should announce canvas game state changes","status":"passed","title":"should announce canvas game state changes","duration":3,"failureMessages":[]},{"ancestorTitles":["","ARIA Game-Specific Patterns","Canvas Game Accessibility"],"fullName":" ARIA Game-Specific Patterns Canvas Game Accessibility should provide keyboard navigation alternatives for canvas","status":"passed","title":"should provide keyboard navigation alternatives for canvas","duration":3,"failureMessages":[]},{"ancestorTitles":["","ARIA Game-Specific Patterns","Quiz and Question Patterns"],"fullName":" ARIA Game-Specific Patterns Quiz and Question Patterns should validate quiz question structure","status":"passed","title":"should validate quiz question structure","duration":6,"failureMessages":[]},{"ancestorTitles":["","ARIA Game-Specific Patterns","Quiz and Question Patterns"],"fullName":" ARIA Game-Specific Patterns Quiz and Question Patterns should handle multiple choice with explanations","status":"passed","title":"should handle multiple choice with explanations","duration":5,"failureMessages":[]},{"ancestorTitles":["","ARIA Game-Specific Patterns","Quiz and Question Patterns"],"fullName":" ARIA Game-Specific Patterns Quiz and Question Patterns should handle drag-and-drop quiz patterns","status":"passed","title":"should handle drag-and-drop quiz patterns","duration":2,"failureMessages":[]},{"ancestorTitles":["","ARIA Game-Specific Patterns","Progress and Achievement Patterns"],"fullName":" ARIA Game-Specific Patterns Progress and Achievement Patterns should validate comprehensive progress tracking","status":"passed","title":"should validate comprehensive progress tracking","duration":2,"failureMessages":[]},{"ancestorTitles":["","ARIA Game-Specific Patterns","Progress and Achievement Patterns"],"fullName":" ARIA Game-Specific Patterns Progress and Achievement Patterns should validate streak and achievement tracking","status":"passed","title":"should validate streak and achievement tracking","duration":3,"failureMessages":[]},{"ancestorTitles":["","ARIA Game-Specific Patterns","Timer and Time-based Game Patterns"],"fullName":" ARIA Game-Specific Patterns Timer and Time-based Game Patterns should validate timer with countdown announcements","status":"passed","title":"should validate timer with countdown announcements","duration":2,"failureMessages":[]},{"ancestorTitles":["","ARIA Game-Specific Patterns","Timer and Time-based Game Patterns"],"fullName":" ARIA Game-Specific Patterns Timer and Time-based Game Patterns should validate speed game with performance feedback","status":"passed","title":"should validate speed game with performance feedback","duration":2,"failureMessages":[]},{"ancestorTitles":["","ARIA Game-Specific Patterns","Character Interaction Patterns"],"fullName":" ARIA Game-Specific Patterns Character Interaction Patterns should validate character dialogue system","status":"passed","title":"should validate character dialogue system","duration":1,"failureMessages":[]},{"ancestorTitles":["","ARIA Game-Specific Patterns","Character Interaction Patterns"],"fullName":" ARIA Game-Specific Patterns Character Interaction Patterns should validate character feedback system","status":"passed","title":"should validate character feedback system","duration":2,"failureMessages":[]},{"ancestorTitles":["","ARIA Game-Specific Patterns","BaseGame Integration"],"fullName":" ARIA Game-Specific Patterns BaseGame Integration should validate BaseGame ARIA live region setup","status":"passed","title":"should validate BaseGame ARIA live region setup","duration":1,"failureMessages":[]}],"startTime":1753988024973,"endTime":1753988025018,"status":"passed","message":"","name":"/Users/austinorphan/Library/Mobile Documents/com~apple~CloudDocs/src/learnimals/tests/accessibility/aria-game-patterns.test.js"},{"assertionResults":[{"ancestorTitles":["","ARIA Live Regions Testing Suite","Live Region Creation and Configuration"],"fullName":" ARIA Live Regions Testing Suite Live Region Creation and Configuration should create polite live regions correctly","status":"passed","title":"should create polite live regions correctly","duration":7,"failureMessages":[]},{"ancestorTitles":["","ARIA Live Regions Testing Suite","Live Region Creation and Configuration"],"fullName":" ARIA Live Regions Testing Suite Live Region Creation and Configuration should create assertive live regions correctly","status":"passed","title":"should create assertive live regions correctly","duration":1,"failureMessages":[]},{"ancestorTitles":["","ARIA Live Regions Testing Suite","Live Region Creation and Configuration"],"fullName":" ARIA Live Regions Testing Suite Live Region Creation and Configuration should configure aria-relevant attribute properly","status":"passed","title":"should configure aria-relevant attribute properly","duration":2,"failureMessages":[]},{"ancestorTitles":["","ARIA Live Regions Testing Suite","Live Region Creation and Configuration"],"fullName":" ARIA Live Regions Testing Suite Live Region Creation and Configuration should create status role as implicit polite live region","status":"passed","title":"should create status role as implicit polite live region","duration":1,"failureMessages":[]},{"ancestorTitles":["","ARIA Live Regions Testing Suite","Live Region Creation and Configuration"],"fullName":" ARIA Live Regions Testing Suite Live Region Creation and Configuration should create alert role as implicit assertive live region","status":"passed","title":"should create alert role as implicit assertive live region","duration":5,"failureMessages":[]},{"ancestorTitles":["","ARIA Live Regions Testing Suite","Game Progress Announcements"],"fullName":" ARIA Live Regions Testing Suite Game Progress Announcements should announce level progression","status":"passed","title":"should announce level progression","duration":2,"failureMessages":[]},{"ancestorTitles":["","ARIA Live Regions Testing Suite","Game Progress Announcements"],"fullName":" ARIA Live Regions Testing Suite Game Progress Announcements should announce score updates","status":"passed","title":"should announce score updates","duration":1,"failureMessages":[]},{"ancestorTitles":["","ARIA Live Regions Testing Suite","Game Progress Announcements"],"fullName":" ARIA Live Regions Testing Suite Game Progress Announcements should announce achievement unlocks","status":"passed","title":"should announce achievement unlocks","duration":1,"failureMessages":[]},{"ancestorTitles":["","ARIA Live Regions Testing Suite","Game Progress Announcements"],"fullName":" ARIA Live Regions Testing Suite Game Progress Announcements should announce game state changes","status":"passed","title":"should announce game state changes","duration":2,"failureMessages":[]},{"ancestorTitles":["","ARIA Live Regions Testing Suite","Game Progress Announcements"],"fullName":" ARIA Live Regions Testing Suite Game Progress Announcements should announce hint availability","status":"passed","title":"should announce hint availability","duration":1,"failureMessages":[]},{"ancestorTitles":["","ARIA Live Regions Testing Suite","Form Validation Announcements"],"fullName":" ARIA Live Regions Testing Suite Form Validation Announcements should announce validation errors","status":"passed","title":"should announce validation errors","duration":1,"failureMessages":[]},{"ancestorTitles":["","ARIA Live Regions Testing Suite","Form Validation Announcements"],"fullName":" ARIA Live Regions Testing Suite Form Validation Announcements should announce successful form submission","status":"passed","title":"should announce successful form submission","duration":0,"failureMessages":[]},{"ancestorTitles":["","ARIA Live Regions Testing Suite","Form Validation Announcements"],"fullName":" ARIA Live Regions Testing Suite Form Validation Announcements should announce character count updates","status":"passed","title":"should announce character count updates","duration":2,"failureMessages":[]},{"ancestorTitles":["","ARIA Live Regions Testing Suite","Form Validation Announcements"],"fullName":" ARIA Live Regions Testing Suite Form Validation Announcements should announce password strength changes","status":"passed","title":"should announce password strength changes","duration":1,"failureMessages":[]},{"ancestorTitles":["","ARIA Live Regions Testing Suite","Loading and Status Updates"],"fullName":" ARIA Live Regions Testing Suite Loading and Status Updates should announce loading states","status":"passed","title":"should announce loading states","duration":1,"failureMessages":[]},{"ancestorTitles":["","ARIA Live Regions Testing Suite","Loading and Status Updates"],"fullName":" ARIA Live Regions Testing Suite Loading and Status Updates should announce progress bar updates","status":"passed","title":"should announce progress bar updates","duration":1,"failureMessages":[]},{"ancestorTitles":["","ARIA Live Regions Testing Suite","Loading and Status Updates"],"fullName":" ARIA Live Regions Testing Suite Loading and Status Updates should announce connection status changes","status":"passed","title":"should announce connection status changes","duration":1,"failureMessages":[]},{"ancestorTitles":["","ARIA Live Regions Testing Suite","Interactive Widget Announcements"],"fullName":" ARIA Live Regions Testing Suite Interactive Widget Announcements should announce slider value changes","status":"passed","title":"should announce slider value changes","duration":1,"failureMessages":[]},{"ancestorTitles":["","ARIA Live Regions Testing Suite","Interactive Widget Announcements"],"fullName":" ARIA Live Regions Testing Suite Interactive Widget Announcements should announce combobox selection changes","status":"passed","title":"should announce combobox selection changes","duration":1,"failureMessages":[]},{"ancestorTitles":["","ARIA Live Regions Testing Suite","Interactive Widget Announcements"],"fullName":" ARIA Live Regions Testing Suite Interactive Widget Announcements should announce tab panel changes","status":"passed","title":"should announce tab panel changes","duration":1,"failureMessages":[]},{"ancestorTitles":["","ARIA Live Regions Testing Suite","Search and Filter Announcements"],"fullName":" ARIA Live Regions Testing Suite Search and Filter Announcements should announce search results count","status":"passed","title":"should announce search results count","duration":1,"failureMessages":[]},{"ancestorTitles":["","ARIA Live Regions Testing Suite","Search and Filter Announcements"],"fullName":" ARIA Live Regions Testing Suite Search and Filter Announcements should announce filter application","status":"passed","title":"should announce filter application","duration":1,"failureMessages":[]},{"ancestorTitles":["","ARIA Live Regions Testing Suite","Search and Filter Announcements"],"fullName":" ARIA Live Regions Testing Suite Search and Filter Announcements should announce sort order changes","status":"passed","title":"should announce sort order changes","duration":1,"failureMessages":[]},{"ancestorTitles":["","ARIA Live Regions Testing Suite","Timer and Countdown Announcements"],"fullName":" ARIA Live Regions Testing Suite Timer and Countdown Announcements should announce timer milestones","status":"passed","title":"should announce timer milestones","duration":1,"failureMessages":[]},{"ancestorTitles":["","ARIA Live Regions Testing Suite","Timer and Countdown Announcements"],"fullName":" ARIA Live Regions Testing Suite Timer and Countdown Announcements should announce countdown events","status":"passed","title":"should announce countdown events","duration":1,"failureMessages":[]},{"ancestorTitles":["","ARIA Live Regions Testing Suite","Live Region Timing and Updates"],"fullName":" ARIA Live Regions Testing Suite Live Region Timing and Updates should handle rapid updates with debouncing","status":"passed","title":"should handle rapid updates with debouncing","duration":2,"failureMessages":[]},{"ancestorTitles":["","ARIA Live Regions Testing Suite","Live Region Timing and Updates"],"fullName":" ARIA Live Regions Testing Suite Live Region Timing and Updates should clear announcements after timeout","status":"passed","title":"should clear announcements after timeout","duration":0,"failureMessages":[]},{"ancestorTitles":["","ARIA Live Regions Testing Suite","Live Region Timing and Updates"],"fullName":" ARIA Live Regions Testing Suite Live Region Timing and Updates should handle multiple live regions independently","status":"passed","title":"should handle multiple live regions independently","duration":3,"failureMessages":[]},{"ancestorTitles":["","ARIA Live Regions Testing Suite","AccessibilityService Integration"],"fullName":" ARIA Live Regions Testing Suite AccessibilityService Integration should create live regions through AccessibilityService","status":"passed","title":"should create live regions through AccessibilityService","duration":0,"failureMessages":[]},{"ancestorTitles":["","ARIA Live Regions Testing Suite","AccessibilityService Integration"],"fullName":" ARIA Live Regions Testing Suite AccessibilityService Integration should handle announcement priority correctly","status":"passed","title":"should handle announcement priority correctly","duration":2,"failureMessages":[]},{"ancestorTitles":["","ARIA Live Regions Testing Suite","Screen Reader Compatibility"],"fullName":" ARIA Live Regions Testing Suite Screen Reader Compatibility should provide proper markup for screen readers","status":"passed","title":"should provide proper markup for screen readers","duration":1,"failureMessages":[]},{"ancestorTitles":["","ARIA Live Regions Testing Suite","Screen Reader Compatibility"],"fullName":" ARIA Live Regions Testing Suite Screen Reader Compatibility should handle empty content gracefully","status":"passed","title":"should handle empty content gracefully","duration":1,"failureMessages":[]},{"ancestorTitles":["","ARIA Live Regions Testing Suite","Screen Reader Compatibility"],"fullName":" ARIA Live Regions Testing Suite Screen Reader Compatibility should maintain proper element hierarchy","status":"passed","title":"should maintain proper element hierarchy","duration":1,"failureMessages":[]}],"startTime":1753988029126,"endTime":1753988029175,"status":"passed","message":"","name":"/Users/austinorphan/Library/Mobile Documents/com~apple~CloudDocs/src/learnimals/tests/accessibility/aria-live-regions.test.js"},{"assertionResults":[{"ancestorTitles":["","ARIA Relationships and Complex Patterns","Complex Labeling Relationships"],"fullName":" ARIA Relationships and Complex Patterns Complex Labeling Relationships should handle multiple labelledBy references","status":"passed","title":"should handle multiple labelledBy references","duration":9,"failureMessages":[]},{"ancestorTitles":["","ARIA Relationships and Complex Patterns","Complex Labeling Relationships"],"fullName":" ARIA Relationships and Complex Patterns Complex Labeling Relationships should handle cascading description relationships","status":"passed","title":"should handle cascading description relationships","duration":2,"failureMessages":[]},{"ancestorTitles":["","ARIA Relationships and Complex Patterns","Complex Labeling Relationships"],"fullName":" ARIA Relationships and Complex Patterns Complex Labeling Relationships should validate cross-reference relationships","status":"passed","title":"should validate cross-reference relationships","duration":2,"failureMessages":[]},{"ancestorTitles":["","ARIA Relationships and Complex Patterns","Controls and Ownership Patterns"],"fullName":" ARIA Relationships and Complex Patterns Controls and Ownership Patterns should validate comprehensive combobox pattern","status":"passed","title":"should validate comprehensive combobox pattern","duration":9,"failureMessages":[]},{"ancestorTitles":["","ARIA Relationships and Complex Patterns","Controls and Ownership Patterns"],"fullName":" ARIA Relationships and Complex Patterns Controls and Ownership Patterns should validate tab controls with dynamic panels","status":"passed","title":"should validate tab controls with dynamic panels","duration":2,"failureMessages":[]},{"ancestorTitles":["","ARIA Relationships and Complex Patterns","Controls and Ownership Patterns"],"fullName":" ARIA Relationships and Complex Patterns Controls and Ownership Patterns should validate menu button with owned menu","status":"passed","title":"should validate menu button with owned menu","duration":2,"failureMessages":[]},{"ancestorTitles":["","ARIA Relationships and Complex Patterns","Custom Game Widget Patterns"],"fullName":" ARIA Relationships and Complex Patterns Custom Game Widget Patterns should validate drag-and-drop game pattern","status":"passed","title":"should validate drag-and-drop game pattern","duration":1,"failureMessages":[]},{"ancestorTitles":["","ARIA Relationships and Complex Patterns","Custom Game Widget Patterns"],"fullName":" ARIA Relationships and Complex Patterns Custom Game Widget Patterns should validate slider-based game controls","status":"passed","title":"should validate slider-based game controls","duration":2,"failureMessages":[]},{"ancestorTitles":["","ARIA Relationships and Complex Patterns","Custom Game Widget Patterns"],"fullName":" ARIA Relationships and Complex Patterns Custom Game Widget Patterns should validate game board grid pattern","status":"passed","title":"should validate game board grid pattern","duration":2,"failureMessages":[]},{"ancestorTitles":["","ARIA Relationships and Complex Patterns","Custom Game Widget Patterns"],"fullName":" ARIA Relationships and Complex Patterns Custom Game Widget Patterns should validate progress tracking widget","status":"passed","title":"should validate progress tracking widget","duration":2,"failureMessages":[]},{"ancestorTitles":["","ARIA Relationships and Complex Patterns","Table and Data Relationships"],"fullName":" ARIA Relationships and Complex Patterns Table and Data Relationships should validate complex data table relationships","status":"passed","title":"should validate complex data table relationships","duration":3,"failureMessages":[]},{"ancestorTitles":["","ARIA Relationships and Complex Patterns","Table and Data Relationships"],"fullName":" ARIA Relationships and Complex Patterns Table and Data Relationships should validate sortable table announcements","status":"passed","title":"should validate sortable table announcements","duration":1,"failureMessages":[]},{"ancestorTitles":["","ARIA Relationships and Complex Patterns","Form Wizard and Multi-step Patterns"],"fullName":" ARIA Relationships and Complex Patterns Form Wizard and Multi-step Patterns should validate multi-step form with progress","status":"passed","title":"should validate multi-step form with progress","duration":2,"failureMessages":[]},{"ancestorTitles":["","ARIA Relationships and Complex Patterns","Live Region Relationship Patterns"],"fullName":" ARIA Relationships and Complex Patterns Live Region Relationship Patterns should validate contextual live announcements","status":"passed","title":"should validate contextual live announcements","duration":1,"failureMessages":[]},{"ancestorTitles":["","ARIA Relationships and Complex Patterns","AccessibleComponent Integration"],"fullName":" ARIA Relationships and Complex Patterns AccessibleComponent Integration should handle complex relationships through AccessibleComponent","status":"failed","title":"should handle complex relationships through AccessibleComponent","duration":21,"failureMessages":["Cannot read properties of null (reading 'polite')"],"location":{"line":404,"column":24}}],"startTime":1753988026009,"endTime":1753988026070,"status":"failed","message":"","name":"/Users/austinorphan/Library/Mobile Documents/com~apple~CloudDocs/src/learnimals/tests/accessibility/aria-relationships-patterns.test.js"},{"assertionResults":[{"ancestorTitles":["","Comprehensive ARIA Testing Suite","1. ARIA Attributes Validation","Basic ARIA attributes"],"fullName":" Comprehensive ARIA Testing Suite 1. ARIA Attributes Validation Basic ARIA attributes should validate aria-label attributes","status":"passed","title":"should validate aria-label attributes","duration":5,"failureMessages":[]},{"ancestorTitles":["","Comprehensive ARIA Testing Suite","1. ARIA Attributes Validation","Basic ARIA attributes"],"fullName":" Comprehensive ARIA Testing Suite 1. ARIA Attributes Validation Basic ARIA attributes should validate aria-labelledby relationships","status":"passed","title":"should validate aria-labelledby relationships","duration":3,"failureMessages":[]},{"ancestorTitles":["","Comprehensive ARIA Testing Suite","1. ARIA Attributes Validation","Basic ARIA attributes"],"fullName":" Comprehensive ARIA Testing Suite 1. ARIA Attributes Validation Basic ARIA attributes should validate aria-describedby relationships","status":"passed","title":"should validate aria-describedby relationships","duration":2,"failureMessages":[]},{"ancestorTitles":["","Comprehensive ARIA Testing Suite","1. ARIA Attributes Validation","Basic ARIA attributes"],"fullName":" Comprehensive ARIA Testing Suite 1. ARIA Attributes Validation Basic ARIA attributes should validate multiple aria-describedby references","status":"passed","title":"should validate multiple aria-describedby references","duration":2,"failureMessages":[]},{"ancestorTitles":["","Comprehensive ARIA Testing Suite","1. ARIA Attributes Validation","ARIA roles validation"],"fullName":" Comprehensive ARIA Testing Suite 1. ARIA Attributes Validation ARIA roles validation should validate standard ARIA roles","status":"passed","title":"should validate standard ARIA roles","duration":3,"failureMessages":[]},{"ancestorTitles":["","Comprehensive ARIA Testing Suite","1. ARIA Attributes Validation","ARIA roles validation"],"fullName":" Comprehensive ARIA Testing Suite 1. ARIA Attributes Validation ARIA roles validation should validate custom widget roles","status":"passed","title":"should validate custom widget roles","duration":1,"failureMessages":[]},{"ancestorTitles":["","Comprehensive ARIA Testing Suite","1. ARIA Attributes Validation","ARIA roles validation"],"fullName":" Comprehensive ARIA Testing Suite 1. ARIA Attributes Validation ARIA roles validation should validate role hierarchy compliance","status":"passed","title":"should validate role hierarchy compliance","duration":1,"failureMessages":[]},{"ancestorTitles":["","Comprehensive ARIA Testing Suite","1. ARIA Attributes Validation","ARIA properties validation"],"fullName":" Comprehensive ARIA Testing Suite 1. ARIA Attributes Validation ARIA properties validation should validate aria-required property","status":"passed","title":"should validate aria-required property","duration":1,"failureMessages":[]},{"ancestorTitles":["","Comprehensive ARIA Testing Suite","1. ARIA Attributes Validation","ARIA properties validation"],"fullName":" Comprehensive ARIA Testing Suite 1. ARIA Attributes Validation ARIA properties validation should validate aria-disabled property","status":"passed","title":"should validate aria-disabled property","duration":1,"failureMessages":[]},{"ancestorTitles":["","Comprehensive ARIA Testing Suite","1. ARIA Attributes Validation","ARIA properties validation"],"fullName":" Comprehensive ARIA Testing Suite 1. ARIA Attributes Validation ARIA properties validation should validate aria-readonly property","status":"passed","title":"should validate aria-readonly property","duration":1,"failureMessages":[]},{"ancestorTitles":["","Comprehensive ARIA Testing Suite","1. ARIA Attributes Validation","ARIA properties validation"],"fullName":" Comprehensive ARIA Testing Suite 1. ARIA Attributes Validation ARIA properties validation should validate aria-invalid property","status":"passed","title":"should validate aria-invalid property","duration":1,"failureMessages":[]},{"ancestorTitles":["","Comprehensive ARIA Testing Suite","2. ARIA Landmark Roles and Navigation Structure"],"fullName":" Comprehensive ARIA Testing Suite 2. ARIA Landmark Roles and Navigation Structure should validate main landmark","status":"passed","title":"should validate main landmark","duration":1,"failureMessages":[]},{"ancestorTitles":["","Comprehensive ARIA Testing Suite","2. ARIA Landmark Roles and Navigation Structure"],"fullName":" Comprehensive ARIA Testing Suite 2. ARIA Landmark Roles and Navigation Structure should validate navigation landmark","status":"passed","title":"should validate navigation landmark","duration":1,"failureMessages":[]},{"ancestorTitles":["","Comprehensive ARIA Testing Suite","2. ARIA Landmark Roles and Navigation Structure"],"fullName":" Comprehensive ARIA Testing Suite 2. ARIA Landmark Roles and Navigation Structure should validate complementary landmark","status":"passed","title":"should validate complementary landmark","duration":1,"failureMessages":[]},{"ancestorTitles":["","Comprehensive ARIA Testing Suite","2. ARIA Landmark Roles and Navigation Structure"],"fullName":" Comprehensive ARIA Testing Suite 2. ARIA Landmark Roles and Navigation Structure should validate banner and contentinfo landmarks","status":"passed","title":"should validate banner and contentinfo landmarks","duration":1,"failureMessages":[]},{"ancestorTitles":["","Comprehensive ARIA Testing Suite","2. ARIA Landmark Roles and Navigation Structure"],"fullName":" Comprehensive ARIA Testing Suite 2. ARIA Landmark Roles and Navigation Structure should validate search landmark with proper labeling","status":"passed","title":"should validate search landmark with proper labeling","duration":1,"failureMessages":[]},{"ancestorTitles":["","Comprehensive ARIA Testing Suite","2. ARIA Landmark Roles and Navigation Structure"],"fullName":" Comprehensive ARIA Testing Suite 2. ARIA Landmark Roles and Navigation Structure should validate multiple navigation landmarks with distinct labels","status":"passed","title":"should validate multiple navigation landmarks with distinct labels","duration":7,"failureMessages":[]},{"ancestorTitles":["","Comprehensive ARIA Testing Suite","3. ARIA Live Regions for Dynamic Content"],"fullName":" Comprehensive ARIA Testing Suite 3. ARIA Live Regions for Dynamic Content should validate aria-live=\"polite\" regions","status":"passed","title":"should validate aria-live=\"polite\" regions","duration":1,"failureMessages":[]},{"ancestorTitles":["","Comprehensive ARIA Testing Suite","3. ARIA Live Regions for Dynamic Content"],"fullName":" Comprehensive ARIA Testing Suite 3. ARIA Live Regions for Dynamic Content should validate aria-live=\"assertive\" regions","status":"passed","title":"should validate aria-live=\"assertive\" regions","duration":1,"failureMessages":[]},{"ancestorTitles":["","Comprehensive ARIA Testing Suite","3. ARIA Live Regions for Dynamic Content"],"fullName":" Comprehensive ARIA Testing Suite 3. ARIA Live Regions for Dynamic Content should validate role=\"status\" as implicit aria-live=\"polite\"","status":"passed","title":"should validate role=\"status\" as implicit aria-live=\"polite\"","duration":1,"failureMessages":[]},{"ancestorTitles":["","Comprehensive ARIA Testing Suite","3. ARIA Live Regions for Dynamic Content"],"fullName":" Comprehensive ARIA Testing Suite 3. ARIA Live Regions for Dynamic Content should validate role=\"alert\" as implicit aria-live=\"assertive\"","status":"passed","title":"should validate role=\"alert\" as implicit aria-live=\"assertive\"","duration":1,"failureMessages":[]},{"ancestorTitles":["","Comprehensive ARIA Testing Suite","3. ARIA Live Regions for Dynamic Content"],"fullName":" Comprehensive ARIA Testing Suite 3. ARIA Live Regions for Dynamic Content should validate aria-relevant attribute","status":"passed","title":"should validate aria-relevant attribute","duration":1,"failureMessages":[]},{"ancestorTitles":["","Comprehensive ARIA Testing Suite","3. ARIA Live Regions for Dynamic Content"],"fullName":" Comprehensive ARIA Testing Suite 3. ARIA Live Regions for Dynamic Content should validate game progress announcements","status":"passed","title":"should validate game progress announcements","duration":0,"failureMessages":[]},{"ancestorTitles":["","Comprehensive ARIA Testing Suite","4. ARIA Labeling and Descriptions for Forms"],"fullName":" Comprehensive ARIA Testing Suite 4. ARIA Labeling and Descriptions for Forms should validate form input labeling","status":"passed","title":"should validate form input labeling","duration":2,"failureMessages":[]},{"ancestorTitles":["","Comprehensive ARIA Testing Suite","4. ARIA Labeling and Descriptions for Forms"],"fullName":" Comprehensive ARIA Testing Suite 4. ARIA Labeling and Descriptions for Forms should validate fieldset and legend labeling","status":"passed","title":"should validate fieldset and legend labeling","duration":2,"failureMessages":[]},{"ancestorTitles":["","Comprehensive ARIA Testing Suite","4. ARIA Labeling and Descriptions for Forms"],"fullName":" Comprehensive ARIA Testing Suite 4. ARIA Labeling and Descriptions for Forms should validate error message associations","status":"passed","title":"should validate error message associations","duration":1,"failureMessages":[]},{"ancestorTitles":["","Comprehensive ARIA Testing Suite","4. ARIA Labeling and Descriptions for Forms"],"fullName":" Comprehensive ARIA Testing Suite 4. ARIA Labeling and Descriptions for Forms should validate help text associations","status":"passed","title":"should validate help text associations","duration":1,"failureMessages":[]},{"ancestorTitles":["","Comprehensive ARIA Testing Suite","4. ARIA Labeling and Descriptions for Forms"],"fullName":" Comprehensive ARIA Testing Suite 4. ARIA Labeling and Descriptions for Forms should validate required field indicators","status":"passed","title":"should validate required field indicators","duration":4,"failureMessages":[]},{"ancestorTitles":["","Comprehensive ARIA Testing Suite","5. ARIA Expanded/Collapsed States"],"fullName":" Comprehensive ARIA Testing Suite 5. ARIA Expanded/Collapsed States should validate dropdown button states","status":"passed","title":"should validate dropdown button states","duration":1,"failureMessages":[]},{"ancestorTitles":["","Comprehensive ARIA Testing Suite","5. ARIA Expanded/Collapsed States"],"fullName":" Comprehensive ARIA Testing Suite 5. ARIA Expanded/Collapsed States should validate accordion states","status":"passed","title":"should validate accordion states","duration":1,"failureMessages":[]},{"ancestorTitles":["","Comprehensive ARIA Testing Suite","5. ARIA Expanded/Collapsed States"],"fullName":" Comprehensive ARIA Testing Suite 5. ARIA Expanded/Collapsed States should validate navigation menu states","status":"passed","title":"should validate navigation menu states","duration":1,"failureMessages":[]},{"ancestorTitles":["","Comprehensive ARIA Testing Suite","5. ARIA Expanded/Collapsed States"],"fullName":" Comprehensive ARIA Testing Suite 5. ARIA Expanded/Collapsed States should validate collapsible content states","status":"passed","title":"should validate collapsible content states","duration":1,"failureMessages":[]},{"ancestorTitles":["","Comprehensive ARIA Testing Suite","6. ARIA Selected/Checked States"],"fullName":" Comprehensive ARIA Testing Suite 6. ARIA Selected/Checked States should validate tab selection states","status":"passed","title":"should validate tab selection states","duration":2,"failureMessages":[]},{"ancestorTitles":["","Comprehensive ARIA Testing Suite","6. ARIA Selected/Checked States"],"fullName":" Comprehensive ARIA Testing Suite 6. ARIA Selected/Checked States should validate checkbox states","status":"passed","title":"should validate checkbox states","duration":1,"failureMessages":[]},{"ancestorTitles":["","Comprehensive ARIA Testing Suite","6. ARIA Selected/Checked States"],"fullName":" Comprehensive ARIA Testing Suite 6. ARIA Selected/Checked States should validate radio button states","status":"passed","title":"should validate radio button states","duration":1,"failureMessages":[]},{"ancestorTitles":["","Comprehensive ARIA Testing Suite","6. ARIA Selected/Checked States"],"fullName":" Comprehensive ARIA Testing Suite 6. ARIA Selected/Checked States should validate listbox option states","status":"passed","title":"should validate listbox option states","duration":1,"failureMessages":[]},{"ancestorTitles":["","Comprehensive ARIA Testing Suite","6. ARIA Selected/Checked States"],"fullName":" Comprehensive ARIA Testing Suite 6. ARIA Selected/Checked States should validate mixed state checkboxes","status":"passed","title":"should validate mixed state checkboxes","duration":1,"failureMessages":[]},{"ancestorTitles":["","Comprehensive ARIA Testing Suite","7. ARIA Hidden Attributes for Decorative Content"],"fullName":" Comprehensive ARIA Testing Suite 7. ARIA Hidden Attributes for Decorative Content should validate decorative images are hidden","status":"passed","title":"should validate decorative images are hidden","duration":1,"failureMessages":[]},{"ancestorTitles":["","Comprehensive ARIA Testing Suite","7. ARIA Hidden Attributes for Decorative Content"],"fullName":" Comprehensive ARIA Testing Suite 7. ARIA Hidden Attributes for Decorative Content should validate decorative icons are hidden","status":"passed","title":"should validate decorative icons are hidden","duration":4,"failureMessages":[]},{"ancestorTitles":["","Comprehensive ARIA Testing Suite","7. ARIA Hidden Attributes for Decorative Content"],"fullName":" Comprehensive ARIA Testing Suite 7. ARIA Hidden Attributes for Decorative Content should validate visual separators are hidden","status":"passed","title":"should validate visual separators are hidden","duration":2,"failureMessages":[]},{"ancestorTitles":["","Comprehensive ARIA Testing Suite","7. ARIA Hidden Attributes for Decorative Content"],"fullName":" Comprehensive ARIA Testing Suite 7. ARIA Hidden Attributes for Decorative Content should validate duplicate content is hidden","status":"passed","title":"should validate duplicate content is hidden","duration":1,"failureMessages":[]},{"ancestorTitles":["","Comprehensive ARIA Testing Suite","7. ARIA Hidden Attributes for Decorative Content"],"fullName":" Comprehensive ARIA Testing Suite 7. ARIA Hidden Attributes for Decorative Content should validate background decorations are hidden","status":"passed","title":"should validate background decorations are hidden","duration":1,"failureMessages":[]},{"ancestorTitles":["","Comprehensive ARIA Testing Suite","8. ARIA Describedby and Labelledby Relationships"],"fullName":" Comprehensive ARIA Testing Suite 8. ARIA Describedby and Labelledby Relationships should validate complex labelledby relationships","status":"passed","title":"should validate complex labelledby relationships","duration":1,"failureMessages":[]},{"ancestorTitles":["","Comprehensive ARIA Testing Suite","8. ARIA Describedby and Labelledby Relationships"],"fullName":" Comprehensive ARIA Testing Suite 8. ARIA Describedby and Labelledby Relationships should validate complex describedby relationships","status":"passed","title":"should validate complex describedby relationships","duration":1,"failureMessages":[]},{"ancestorTitles":["","Comprehensive ARIA Testing Suite","8. ARIA Describedby and Labelledby Relationships"],"fullName":" Comprehensive ARIA Testing Suite 8. ARIA Describedby and Labelledby Relationships should validate table cell relationships","status":"passed","title":"should validate table cell relationships","duration":1,"failureMessages":[]},{"ancestorTitles":["","Comprehensive ARIA Testing Suite","8. ARIA Describedby and Labelledby Relationships"],"fullName":" Comprehensive ARIA Testing Suite 8. ARIA Describedby and Labelledby Relationships should validate group labeling relationships","status":"passed","title":"should validate group labeling relationships","duration":1,"failureMessages":[]},{"ancestorTitles":["","Comprehensive ARIA Testing Suite","9. ARIA Controls and Owns Relationships"],"fullName":" Comprehensive ARIA Testing Suite 9. ARIA Controls and Owns Relationships should validate aria-controls relationships","status":"passed","title":"should validate aria-controls relationships","duration":1,"failureMessages":[]},{"ancestorTitles":["","Comprehensive ARIA Testing Suite","9. ARIA Controls and Owns Relationships"],"fullName":" Comprehensive ARIA Testing Suite 9. ARIA Controls and Owns Relationships should validate aria-owns relationships","status":"passed","title":"should validate aria-owns relationships","duration":1,"failureMessages":[]},{"ancestorTitles":["","Comprehensive ARIA Testing Suite","9. ARIA Controls and Owns Relationships"],"fullName":" Comprehensive ARIA Testing Suite 9. ARIA Controls and Owns Relationships should validate multiple controls relationships","status":"passed","title":"should validate multiple controls relationships","duration":1,"failureMessages":[]},{"ancestorTitles":["","Comprehensive ARIA Testing Suite","9. ARIA Controls and Owns Relationships"],"fullName":" Comprehensive ARIA Testing Suite 9. ARIA Controls and Owns Relationships should validate tab controls relationships","status":"passed","title":"should validate tab controls relationships","duration":1,"failureMessages":[]},{"ancestorTitles":["","Comprehensive ARIA Testing Suite","10. Custom ARIA Patterns for Complex Widgets"],"fullName":" Comprehensive ARIA Testing Suite 10. Custom ARIA Patterns for Complex Widgets should validate drag and drop ARIA patterns","status":"passed","title":"should validate drag and drop ARIA patterns","duration":1,"failureMessages":[]},{"ancestorTitles":["","Comprehensive ARIA Testing Suite","10. Custom ARIA Patterns for Complex Widgets"],"fullName":" Comprehensive ARIA Testing Suite 10. Custom ARIA Patterns for Complex Widgets should validate slider ARIA patterns","status":"passed","title":"should validate slider ARIA patterns","duration":0,"failureMessages":[]},{"ancestorTitles":["","Comprehensive ARIA Testing Suite","10. Custom ARIA Patterns for Complex Widgets"],"fullName":" Comprehensive ARIA Testing Suite 10. Custom ARIA Patterns for Complex Widgets should validate progressbar ARIA patterns","status":"passed","title":"should validate progressbar ARIA patterns","duration":1,"failureMessages":[]},{"ancestorTitles":["","Comprehensive ARIA Testing Suite","10. Custom ARIA Patterns for Complex Widgets"],"fullName":" Comprehensive ARIA Testing Suite 10. Custom ARIA Patterns for Complex Widgets should validate combobox ARIA patterns","status":"passed","title":"should validate combobox ARIA patterns","duration":1,"failureMessages":[]},{"ancestorTitles":["","Comprehensive ARIA Testing Suite","10. Custom ARIA Patterns for Complex Widgets"],"fullName":" Comprehensive ARIA Testing Suite 10. Custom ARIA Patterns for Complex Widgets should validate tree widget ARIA patterns","status":"passed","title":"should validate tree widget ARIA patterns","duration":1,"failureMessages":[]},{"ancestorTitles":["","Comprehensive ARIA Testing Suite","10. Custom ARIA Patterns for Complex Widgets"],"fullName":" Comprehensive ARIA Testing Suite 10. Custom ARIA Patterns for Complex Widgets should validate grid widget ARIA patterns","status":"passed","title":"should validate grid widget ARIA patterns","duration":1,"failureMessages":[]},{"ancestorTitles":["","Comprehensive ARIA Testing Suite","Integration Tests - AccessibleComponent"],"fullName":" Comprehensive ARIA Testing Suite Integration Tests - AccessibleComponent should apply all ARIA attributes through AccessibleComponent","status":"failed","title":"should apply all ARIA attributes through AccessibleComponent","duration":25,"failureMessages":["Cannot read properties of null (reading 'polite')"],"location":{"line":404,"column":24}},{"ancestorTitles":["","Comprehensive ARIA Testing Suite","Integration Tests - AccessibleComponent"],"fullName":" Comprehensive ARIA Testing Suite Integration Tests - AccessibleComponent should handle dynamic ARIA state changes","status":"failed","title":"should handle dynamic ARIA state changes","duration":1,"failureMessages":["Cannot read properties of null (reading 'polite')"],"location":{"line":404,"column":24}},{"ancestorTitles":["","Comprehensive ARIA Testing Suite","WCAG 2.1 Compliance Validation"],"fullName":" Comprehensive ARIA Testing Suite WCAG 2.1 Compliance Validation should validate proper heading hierarchy","status":"passed","title":"should validate proper heading hierarchy","duration":7,"failureMessages":[]},{"ancestorTitles":["","Comprehensive ARIA Testing Suite","WCAG 2.1 Compliance Validation"],"fullName":" Comprehensive ARIA Testing Suite WCAG 2.1 Compliance Validation should validate focus management","status":"failed","title":"should validate focus management","duration":2,"failureMessages":["\"\" did not match the Name production"]},{"ancestorTitles":["","Comprehensive ARIA Testing Suite","WCAG 2.1 Compliance Validation"],"fullName":" Comprehensive ARIA Testing Suite WCAG 2.1 Compliance Validation should validate color contrast requirements","status":"passed","title":"should validate color contrast requirements","duration":0,"failureMessages":[]},{"ancestorTitles":["","Comprehensive ARIA Testing Suite","WCAG 2.1 Compliance Validation"],"fullName":" Comprehensive ARIA Testing Suite WCAG 2.1 Compliance Validation should validate keyboard navigation patterns","status":"passed","title":"should validate keyboard navigation patterns","duration":1,"failureMessages":[]}],"startTime":1753988023199,"endTime":1753988023316,"status":"failed","message":"","name":"/Users/austinorphan/Library/Mobile Documents/com~apple~CloudDocs/src/learnimals/tests/accessibility/comprehensive-aria-testing.test.js"},{"assertionResults":[{"ancestorTitles":["","Comprehensive Keyboard Navigation Tests","Tab Order and Focus Management"],"fullName":" Comprehensive Keyboard Navigation Tests Tab Order and Focus Management should maintain logical tab order across complex layouts","status":"passed","title":"should maintain logical tab order across complex layouts","duration":25,"failureMessages":[]},{"ancestorTitles":["","Comprehensive Keyboard Navigation Tests","Tab Order and Focus Management"],"fullName":" Comprehensive Keyboard Navigation Tests Tab Order and Focus Management should handle dynamic content insertion while maintaining tab order","status":"passed","title":"should handle dynamic content insertion while maintaining tab order","duration":4,"failureMessages":[]},{"ancestorTitles":["","Comprehensive Keyboard Navigation Tests","Tab Order and Focus Management"],"fullName":" Comprehensive Keyboard Navigation Tests Tab Order and Focus Management should respect custom tabindex values correctly","status":"failed","title":"should respect custom tabindex values correctly","duration":20,"failureMessages":["expected 7 to be 6 // Object.is equality"],"location":{"line":232,"column":40}},{"ancestorTitles":["","Comprehensive Keyboard Navigation Tests","Tab Order and Focus Management"],"fullName":" Comprehensive Keyboard Navigation Tests Tab Order and Focus Management should identify all keyboard accessible elements","status":"failed","title":"should identify all keyboard accessible elements","duration":38,"failureMessages":["expected true to be false // Object.is equality"],"location":{"line":291,"column":30}},{"ancestorTitles":["","Comprehensive Keyboard Navigation Tests","Skip Links for Efficient Navigation"],"fullName":" Comprehensive Keyboard Navigation Tests Skip Links for Efficient Navigation should create functional skip links for common page sections","status":"failed","title":"should create functional skip links for common page sections","duration":7,"failureMessages":["expected undefined to be truthy"],"location":{"line":323,"column":26}},{"ancestorTitles":["","Comprehensive Keyboard Navigation Tests","Skip Links for Efficient Navigation"],"fullName":" Comprehensive Keyboard Navigation Tests Skip Links for Efficient Navigation should properly handle skip link activation with focus and scroll","status":"passed","title":"should properly handle skip link activation with focus and scroll","duration":9,"failureMessages":[]},{"ancestorTitles":["","Comprehensive Keyboard Navigation Tests","Skip Links for Efficient Navigation"],"fullName":" Comprehensive Keyboard Navigation Tests Skip Links for Efficient Navigation should show skip links on focus and hide when not focused","status":"failed","title":"should show skip links on focus and hide when not focused","duration":7,"failureMessages":["expected false to be true // Object.is equality"],"location":{"line":376,"column":47}},{"ancestorTitles":["","Comprehensive Keyboard Navigation Tests","Keyboard Shortcuts and Hotkeys"],"fullName":" Comprehensive Keyboard Navigation Tests Keyboard Shortcuts and Hotkeys should handle F6 for landmark navigation","status":"passed","title":"should handle F6 for landmark navigation","duration":5,"failureMessages":[]},{"ancestorTitles":["","Comprehensive Keyboard Navigation Tests","Keyboard Shortcuts and Hotkeys"],"fullName":" Comprehensive Keyboard Navigation Tests Keyboard Shortcuts and Hotkeys should handle Shift+F6 for reverse landmark navigation","status":"passed","title":"should handle Shift+F6 for reverse landmark navigation","duration":5,"failureMessages":[]},{"ancestorTitles":["","Comprehensive Keyboard Navigation Tests","Keyboard Shortcuts and Hotkeys"],"fullName":" Comprehensive Keyboard Navigation Tests Keyboard Shortcuts and Hotkeys should handle Ctrl+Home to navigate to page top","status":"passed","title":"should handle Ctrl+Home to navigate to page top","duration":4,"failureMessages":[]},{"ancestorTitles":["","Comprehensive Keyboard Navigation Tests","Keyboard Shortcuts and Hotkeys"],"fullName":" Comprehensive Keyboard Navigation Tests Keyboard Shortcuts and Hotkeys should handle Alt+1 through Alt+6 for heading navigation","status":"failed","title":"should handle Alt+1 through Alt+6 for heading navigation","duration":4,"failureMessages":["expected \"spy\" to be called at least once"],"location":{"line":508,"column":47}},{"ancestorTitles":["","Comprehensive Keyboard Navigation Tests","Focus Indicators and Visual Feedback"],"fullName":" Comprehensive Keyboard Navigation Tests Focus Indicators and Visual Feedback should apply visible focus indicators to all focusable elements","status":"failed","title":"should apply visible focus indicators to all focusable elements","duration":6,"failureMessages":["accessibilityTester.hasVisibleFocusIndicator is not a function"],"location":{"line":534,"column":53}},{"ancestorTitles":["","Comprehensive Keyboard Navigation Tests","Focus Indicators and Visual Feedback"],"fullName":" Comprehensive Keyboard Navigation Tests Focus Indicators and Visual Feedback should show enhanced focus indicators during keyboard navigation","status":"failed","title":"should show enhanced focus indicators during keyboard navigation","duration":3,"failureMessages":["expected false to be true // Object.is equality"],"location":{"line":558,"column":62}},{"ancestorTitles":["","Comprehensive Keyboard Navigation Tests","Focus Indicators and Visual Feedback"],"fullName":" Comprehensive Keyboard Navigation Tests Focus Indicators and Visual Feedback should maintain focus indicators for custom components","status":"failed","title":"should maintain focus indicators for custom components","duration":7,"failureMessages":["generateHTML method must be implemented by subclass"],"location":{"line":41,"column":11}},{"ancestorTitles":["","Comprehensive Keyboard Navigation Tests","Modal Dialog Focus Trapping"],"fullName":" Comprehensive Keyboard Navigation Tests Modal Dialog Focus Trapping should trap focus within modal dialog","status":"passed","title":"should trap focus within modal dialog","duration":10,"failureMessages":[]},{"ancestorTitles":["","Comprehensive Keyboard Navigation Tests","Modal Dialog Focus Trapping"],"fullName":" Comprehensive Keyboard Navigation Tests Modal Dialog Focus Trapping should restore focus when modal closes","status":"failed","title":"should restore focus when modal closes","duration":4,"failureMessages":["expected \"focus\" to be called at least once"],"location":{"line":672,"column":31}},{"ancestorTitles":["","Comprehensive Keyboard Navigation Tests","Modal Dialog Focus Trapping"],"fullName":" Comprehensive Keyboard Navigation Tests Modal Dialog Focus Trapping should handle Escape key to close modal","status":"passed","title":"should handle Escape key to close modal","duration":3,"failureMessages":[]},{"ancestorTitles":["","Comprehensive Keyboard Navigation Tests","Arrow Key Navigation for Complex Widgets"],"fullName":" Comprehensive Keyboard Navigation Tests Arrow Key Navigation for Complex Widgets should handle arrow navigation in menu systems","status":"passed","title":"should handle arrow navigation in menu systems","duration":9,"failureMessages":[]},{"ancestorTitles":["","Comprehensive Keyboard Navigation Tests","Arrow Key Navigation for Complex Widgets"],"fullName":" Comprehensive Keyboard Navigation Tests Arrow Key Navigation for Complex Widgets should handle arrow navigation in grid/table structures","status":"passed","title":"should handle arrow navigation in grid/table structures","duration":6,"failureMessages":[]},{"ancestorTitles":["","Comprehensive Keyboard Navigation Tests","Arrow Key Navigation for Complex Widgets"],"fullName":" Comprehensive Keyboard Navigation Tests Arrow Key Navigation for Complex Widgets should handle arrow navigation in tab panels","status":"failed","title":"should handle arrow navigation in tab panels","duration":3,"failureMessages":["expected \"spy\" to be called at least once"],"location":{"line":852,"column":46}},{"ancestorTitles":["","Comprehensive Keyboard Navigation Tests","Form Keyboard Navigation"],"fullName":" Comprehensive Keyboard Navigation Tests Form Keyboard Navigation should handle comprehensive form navigation with Tab and Shift+Tab","status":"passed","title":"should handle comprehensive form navigation with Tab and Shift+Tab","duration":11,"failureMessages":[]},{"ancestorTitles":["","Comprehensive Keyboard Navigation Tests","Form Keyboard Navigation"],"fullName":" Comprehensive Keyboard Navigation Tests Form Keyboard Navigation should handle Enter key submission and field navigation","status":"failed","title":"should handle Enter key submission and field navigation","duration":8,"failureMessages":["expected \"spy\" to be called at least once"],"location":{"line":951,"column":41}},{"ancestorTitles":["","Comprehensive Keyboard Navigation Tests","Form Keyboard Navigation"],"fullName":" Comprehensive Keyboard Navigation Tests Form Keyboard Navigation should provide keyboard access to form validation errors","status":"failed","title":"should provide keyboard access to form validation errors","duration":28,"failureMessages":["the given combination of arguments (null and string) is invalid for this assertion. You can use an array, a map, an object, a set, a string, or a weakset instead of a string"],"location":{"line":983,"column":59}},{"ancestorTitles":["","Comprehensive Keyboard Navigation Tests","Game-Specific Keyboard Controls"],"fullName":" Comprehensive Keyboard Navigation Tests Game-Specific Keyboard Controls should handle WASD keys for directional game movement","status":"passed","title":"should handle WASD keys for directional game movement","duration":3,"failureMessages":[]},{"ancestorTitles":["","Comprehensive Keyboard Navigation Tests","Game-Specific Keyboard Controls"],"fullName":" Comprehensive Keyboard Navigation Tests Game-Specific Keyboard Controls should handle Space bar for game actions","status":"passed","title":"should handle Space bar for game actions","duration":2,"failureMessages":[]},{"ancestorTitles":["","Comprehensive Keyboard Navigation Tests","Game-Specific Keyboard Controls"],"fullName":" Comprehensive Keyboard Navigation Tests Game-Specific Keyboard Controls should handle number keys for educational game selections","status":"passed","title":"should handle number keys for educational game selections","duration":2,"failureMessages":[]},{"ancestorTitles":["","Comprehensive Keyboard Navigation Tests","Edge Cases and Error Handling"],"fullName":" Comprehensive Keyboard Navigation Tests Edge Cases and Error Handling should handle focus on elements that become disabled","status":"failed","title":"should handle focus on elements that become disabled","duration":7,"failureMessages":["expected true to be false // Object.is equality"],"location":{"line":1166,"column":67}},{"ancestorTitles":["","Comprehensive Keyboard Navigation Tests","Edge Cases and Error Handling"],"fullName":" Comprehensive Keyboard Navigation Tests Edge Cases and Error Handling should handle elements removed from DOM while focused","status":"passed","title":"should handle elements removed from DOM while focused","duration":1,"failureMessages":[]},{"ancestorTitles":["","Comprehensive Keyboard Navigation Tests","Edge Cases and Error Handling"],"fullName":" Comprehensive Keyboard Navigation Tests Edge Cases and Error Handling should prevent infinite focus loops","status":"passed","title":"should prevent infinite focus loops","duration":2,"failureMessages":[]},{"ancestorTitles":["","Comprehensive Keyboard Navigation Tests","Performance and Accessibility Testing"],"fullName":" Comprehensive Keyboard Navigation Tests Performance and Accessibility Testing should maintain performance with large numbers of focusable elements","status":"passed","title":"should maintain performance with large numbers of focusable elements","duration":144,"failureMessages":[]},{"ancestorTitles":["","Comprehensive Keyboard Navigation Tests","Performance and Accessibility Testing"],"fullName":" Comprehensive Keyboard Navigation Tests Performance and Accessibility Testing should pass automated accessibility audit for keyboard navigation","status":"failed","title":"should pass automated accessibility audit for keyboard navigation","duration":35,"failureMessages":["expected undefined to be true // Object.is equality"],"location":{"line":1256,"column":35}}],"startTime":1753988023938,"endTime":1753988024361,"status":"failed","message":"","name":"/Users/austinorphan/Library/Mobile Documents/com~apple~CloudDocs/src/learnimals/tests/accessibility/comprehensive-keyboard-navigation.test.js"},{"assertionResults":[{"ancestorTitles":["","Comprehensive Screen Reader Support Tests","Screen Reader Detection and Optimization"],"fullName":" Comprehensive Screen Reader Support Tests Screen Reader Detection and Optimization should detect NVDA screen reader","status":"passed","title":"should detect NVDA screen reader","duration":10,"failureMessages":[]},{"ancestorTitles":["","Comprehensive Screen Reader Support Tests","Screen Reader Detection and Optimization"],"fullName":" Comprehensive Screen Reader Support Tests Screen Reader Detection and Optimization should detect JAWS screen reader","status":"passed","title":"should detect JAWS screen reader","duration":2,"failureMessages":[]},{"ancestorTitles":["","Comprehensive Screen Reader Support Tests","Screen Reader Detection and Optimization"],"fullName":" Comprehensive Screen Reader Support Tests Screen Reader Detection and Optimization should detect VoiceOver on macOS","status":"passed","title":"should detect VoiceOver on macOS","duration":2,"failureMessages":[]},{"ancestorTitles":["","Comprehensive Screen Reader Support Tests","Screen Reader Detection and Optimization"],"fullName":" Comprehensive Screen Reader Support Tests Screen Reader Detection and Optimization should detect TalkBack on Android","status":"passed","title":"should detect TalkBack on Android","duration":1,"failureMessages":[]},{"ancestorTitles":["","Comprehensive Screen Reader Support Tests","Screen Reader Detection and Optimization"],"fullName":" Comprehensive Screen Reader Support Tests Screen Reader Detection and Optimization should optimize interface for detected screen readers","status":"failed","title":"should optimize interface for detected screen readers","duration":25,"failureMessages":["expected false to be truthy"],"location":{"line":158,"column":74}},{"ancestorTitles":["","Comprehensive Screen Reader Support Tests","Screen Reader Detection and Optimization"],"fullName":" Comprehensive Screen Reader Support Tests Screen Reader Detection and Optimization should handle screen reader detection errors gracefully","status":"passed","title":"should handle screen reader detection errors gracefully","duration":2,"failureMessages":[]},{"ancestorTitles":["","Comprehensive Screen Reader Support Tests","Dynamic Content Announcements"],"fullName":" Comprehensive Screen Reader Support Tests Dynamic Content Announcements should announce content changes with proper timing","status":"passed","title":"should announce content changes with proper timing","duration":2,"failureMessages":[]},{"ancestorTitles":["","Comprehensive Screen Reader Support Tests","Dynamic Content Announcements"],"fullName":" Comprehensive Screen Reader Support Tests Dynamic Content Announcements should prioritize urgent announcements","status":"passed","title":"should prioritize urgent announcements","duration":2,"failureMessages":[]},{"ancestorTitles":["","Comprehensive Screen Reader Support Tests","Dynamic Content Announcements"],"fullName":" Comprehensive Screen Reader Support Tests Dynamic Content Announcements should announce page navigation changes","status":"passed","title":"should announce page navigation changes","duration":11,"failureMessages":[]},{"ancestorTitles":["","Comprehensive Screen Reader Support Tests","Dynamic Content Announcements"],"fullName":" Comprehensive Screen Reader Support Tests Dynamic Content Announcements should announce modal dialog state changes","status":"passed","title":"should announce modal dialog state changes","duration":5,"failureMessages":[]},{"ancestorTitles":["","Comprehensive Screen Reader Support Tests","Dynamic Content Announcements"],"fullName":" Comprehensive Screen Reader Support Tests Dynamic Content Announcements should announce dynamic list updates","status":"passed","title":"should announce dynamic list updates","duration":4,"failureMessages":[]},{"ancestorTitles":["","Comprehensive Screen Reader Support Tests","Semantic HTML Structure Validation"],"fullName":" Comprehensive Screen Reader Support Tests Semantic HTML Structure Validation should validate proper heading hierarchy","status":"passed","title":"should validate proper heading hierarchy","duration":4,"failureMessages":[]},{"ancestorTitles":["","Comprehensive Screen Reader Support Tests","Semantic HTML Structure Validation"],"fullName":" Comprehensive Screen Reader Support Tests Semantic HTML Structure Validation should provide proper landmark structure","status":"passed","title":"should provide proper landmark structure","duration":7,"failureMessages":[]},{"ancestorTitles":["","Comprehensive Screen Reader Support Tests","Semantic HTML Structure Validation"],"fullName":" Comprehensive Screen Reader Support Tests Semantic HTML Structure Validation should validate table semantics for data tables","status":"passed","title":"should validate table semantics for data tables","duration":11,"failureMessages":[]},{"ancestorTitles":["","Comprehensive Screen Reader Support Tests","Semantic HTML Structure Validation"],"fullName":" Comprehensive Screen Reader Support Tests Semantic HTML Structure Validation should validate list semantics and structure","status":"passed","title":"should validate list semantics and structure","duration":5,"failureMessages":[]},{"ancestorTitles":["","Comprehensive Screen Reader Support Tests","Semantic HTML Structure Validation"],"fullName":" Comprehensive Screen Reader Support Tests Semantic HTML Structure Validation should validate form labeling and structure","status":"passed","title":"should validate form labeling and structure","duration":12,"failureMessages":[]},{"ancestorTitles":["","Comprehensive Screen Reader Support Tests","Alternative Text and Media Content"],"fullName":" Comprehensive Screen Reader Support Tests Alternative Text and Media Content should provide meaningful alt text for informative images","status":"failed","title":"should provide meaningful alt text for informative images","duration":6,"failureMessages":["expected 'Diagram showing the water cycle with …' to match /^[A-Z].*[.!?]$/"],"location":{"line":584,"column":21}},{"ancestorTitles":["","Comprehensive Screen Reader Support Tests","Alternative Text and Media Content"],"fullName":" Comprehensive Screen Reader Support Tests Alternative Text and Media Content should handle decorative images properly","status":"passed","title":"should handle decorative images properly","duration":2,"failureMessages":[]},{"ancestorTitles":["","Comprehensive Screen Reader Support Tests","Alternative Text and Media Content"],"fullName":" Comprehensive Screen Reader Support Tests Alternative Text and Media Content should provide comprehensive descriptions for complex images","status":"passed","title":"should provide comprehensive descriptions for complex images","duration":3,"failureMessages":[]},{"ancestorTitles":["","Comprehensive Screen Reader Support Tests","Alternative Text and Media Content"],"fullName":" Comprehensive Screen Reader Support Tests Alternative Text and Media Content should handle audio and video content accessibility","status":"passed","title":"should handle audio and video content accessibility","duration":5,"failureMessages":[]},{"ancestorTitles":["","Comprehensive Screen Reader Support Tests","Alternative Text and Media Content"],"fullName":" Comprehensive Screen Reader Support Tests Alternative Text and Media Content should handle interactive media with proper announcements","status":"passed","title":"should handle interactive media with proper announcements","duration":4,"failureMessages":[]},{"ancestorTitles":["","Comprehensive Screen Reader Support Tests","Screen Reader Navigation Patterns"],"fullName":" Comprehensive Screen Reader Support Tests Screen Reader Navigation Patterns should provide skip navigation functionality","status":"passed","title":"should provide skip navigation functionality","duration":9,"failureMessages":[]},{"ancestorTitles":["","Comprehensive Screen Reader Support Tests","Screen Reader Navigation Patterns"],"fullName":" Comprehensive Screen Reader Support Tests Screen Reader Navigation Patterns should support landmark navigation","status":"passed","title":"should support landmark navigation","duration":4,"failureMessages":[]},{"ancestorTitles":["","Comprehensive Screen Reader Support Tests","Screen Reader Navigation Patterns"],"fullName":" Comprehensive Screen Reader Support Tests Screen Reader Navigation Patterns should provide breadcrumb navigation with proper announcements","status":"passed","title":"should provide breadcrumb navigation with proper announcements","duration":5,"failureMessages":[]},{"ancestorTitles":["","Comprehensive Screen Reader Support Tests","Screen Reader Navigation Patterns"],"fullName":" Comprehensive Screen Reader Support Tests Screen Reader Navigation Patterns should handle pagination with screen reader announcements","status":"passed","title":"should handle pagination with screen reader announcements","duration":5,"failureMessages":[]},{"ancestorTitles":["","Comprehensive Screen Reader Support Tests","Live Region Announcements"],"fullName":" Comprehensive Screen Reader Support Tests Live Region Announcements should configure polite live regions for non-urgent updates","status":"passed","title":"should configure polite live regions for non-urgent updates","duration":2,"failureMessages":[]},{"ancestorTitles":["","Comprehensive Screen Reader Support Tests","Live Region Announcements"],"fullName":" Comprehensive Screen Reader Support Tests Live Region Announcements should configure assertive live regions for urgent updates","status":"passed","title":"should configure assertive live regions for urgent updates","duration":2,"failureMessages":[]},{"ancestorTitles":["","Comprehensive Screen Reader Support Tests","Live Region Announcements"],"fullName":" Comprehensive Screen Reader Support Tests Live Region Announcements should announce game state changes appropriately","status":"passed","title":"should announce game state changes appropriately","duration":11,"failureMessages":[]},{"ancestorTitles":["","Comprehensive Screen Reader Support Tests","Live Region Announcements"],"fullName":" Comprehensive Screen Reader Support Tests Live Region Announcements should handle form validation announcements","status":"passed","title":"should handle form validation announcements","duration":4,"failureMessages":[]},{"ancestorTitles":["","Comprehensive Screen Reader Support Tests","Live Region Announcements"],"fullName":" Comprehensive Screen Reader Support Tests Live Region Announcements should announce search and filter results","status":"passed","title":"should announce search and filter results","duration":5,"failureMessages":[]},{"ancestorTitles":["","Comprehensive Screen Reader Support Tests","Reading Order and Content Flow"],"fullName":" Comprehensive Screen Reader Support Tests Reading Order and Content Flow should maintain logical reading order","status":"passed","title":"should maintain logical reading order","duration":8,"failureMessages":[]},{"ancestorTitles":["","Comprehensive Screen Reader Support Tests","Reading Order and Content Flow"],"fullName":" Comprehensive Screen Reader Support Tests Reading Order and Content Flow should handle complex layouts with proper reading order","status":"passed","title":"should handle complex layouts with proper reading order","duration":9,"failureMessages":[]},{"ancestorTitles":["","Comprehensive Screen Reader Support Tests","Reading Order and Content Flow"],"fullName":" Comprehensive Screen Reader Support Tests Reading Order and Content Flow should handle data tables with proper reading order","status":"passed","title":"should handle data tables with proper reading order","duration":6,"failureMessages":[]},{"ancestorTitles":["","Comprehensive Screen Reader Support Tests","Form Field Labels and Error Messages"],"fullName":" Comprehensive Screen Reader Support Tests Form Field Labels and Error Messages should provide comprehensive form labeling","status":"passed","title":"should provide comprehensive form labeling","duration":18,"failureMessages":[]},{"ancestorTitles":["","Comprehensive Screen Reader Support Tests","Form Field Labels and Error Messages"],"fullName":" Comprehensive Screen Reader Support Tests Form Field Labels and Error Messages should handle dynamic validation with proper announcements","status":"passed","title":"should handle dynamic validation with proper announcements","duration":6,"failureMessages":[]},{"ancestorTitles":["","Comprehensive Screen Reader Support Tests","Educational Content Structure"],"fullName":" Comprehensive Screen Reader Support Tests Educational Content Structure should structure lesson content for optimal screen reader navigation","status":"passed","title":"should structure lesson content for optimal screen reader navigation","duration":20,"failureMessages":[]},{"ancestorTitles":["","Comprehensive Screen Reader Support Tests","Advanced Screen Reader Features"],"fullName":" Comprehensive Screen Reader Support Tests Advanced Screen Reader Features should handle complex interactive widgets with proper announcements","status":"passed","title":"should handle complex interactive widgets with proper announcements","duration":8,"failureMessages":[]},{"ancestorTitles":["","Comprehensive Screen Reader Support Tests","Advanced Screen Reader Features"],"fullName":" Comprehensive Screen Reader Support Tests Advanced Screen Reader Features should provide comprehensive keyboard navigation support","status":"passed","title":"should provide comprehensive keyboard navigation support","duration":13,"failureMessages":[]},{"ancestorTitles":["","Comprehensive Screen Reader Support Tests","Advanced Screen Reader Features"],"fullName":" Comprehensive Screen Reader Support Tests Advanced Screen Reader Features should handle screen reader detection and optimizations","status":"failed","title":"should handle screen reader detection and optimizations","duration":10,"failureMessages":["expected true to be false // Object.is equality"],"location":{"line":2383,"column":26}}],"startTime":1753988023204,"endTime":1753988023475,"status":"failed","message":"","name":"/Users/austinorphan/Library/Mobile Documents/com~apple~CloudDocs/src/learnimals/tests/accessibility/comprehensive-screen-reader-support.test.js"},{"assertionResults":[{"ancestorTitles":["","Enhanced Accessibility Integration Tests","Complete User Journey Accessibility"],"fullName":" Enhanced Accessibility Integration Tests Complete User Journey Accessibility should handle full registration form workflow with accessibility","status":"passed","title":"should handle full registration form workflow with accessibility","duration":48,"failureMessages":[]},{"ancestorTitles":["","Enhanced Accessibility Integration Tests","Complete User Journey Accessibility"],"fullName":" Enhanced Accessibility Integration Tests Complete User Journey Accessibility should handle complex modal with nested forms and navigation","status":"passed","title":"should handle complex modal with nested forms and navigation","duration":24,"failureMessages":[]},{"ancestorTitles":["","Enhanced Accessibility Integration Tests","Complete User Journey Accessibility"],"fullName":" Enhanced Accessibility Integration Tests Complete User Journey Accessibility should handle complete game interface with accessibility","status":"passed","title":"should handle complete game interface with accessibility","duration":13,"failureMessages":[]},{"ancestorTitles":["","Enhanced Accessibility Integration Tests","Cross-Component Accessibility Integration"],"fullName":" Enhanced Accessibility Integration Tests Cross-Component Accessibility Integration should maintain accessibility when components interact","
[...]
failureMessages":[]},{"ancestorTitles":["","Card Component","Error Handling and Edge Cases"],"fullName":" Card Component Error Handling and Edge Cases should cleanup properly when destroyed","status":"passed","title":"should cleanup properly when destroyed","duration":2,"failureMessages":[]},{"ancestorTitles":["","Card Component","Integration Scenarios"],"fullName":" Card Component Integration Scenarios should support dynamic content updates","status":"passed","title":"should support dynamic content updates","duration":3,"failureMessages":[]},{"ancestorTitles":["","Card Component","Integration Scenarios"],"fullName":" Card Component Integration Scenarios should work with character data from factory","status":"failed","title":"should work with character data from factory","duration":7,"failureMessages":["Cannot read properties of undefined (reading 'name')"],"location":{"line":504,"column":30}},{"ancestorTitles":["","Card Component","Integration Scenarios"],"fullName":" Card Component Integration Scenarios should handle multiple instances independently","status":"passed","title":"should handle multiple instances independently","duration":2,"failureMessages":[]},{"ancestorTitles":["","Card Component","Performance Considerations"],"fullName":" Card Component Performance Considerations should not re-render unnecessarily","status":"passed","title":"should not re-render unnecessarily","duration":2,"failureMessages":[]},{"ancestorTitles":["","Card Component","Performance Considerations"],"fullName":" Card Component Performance Considerations should efficiently handle event binding","status":"passed","title":"should efficiently handle event binding","duration":2,"failureMessages":[]}],"startTime":1753988032592,"endTime":1753988032662,"status":"failed","message":"","name":"/Users/austinorphan/Library/Mobile Documents/com~apple~CloudDocs/src/learnimals/tests/unit/components/Card.enhanced.test.js"},{"assertionResults":[{"ancestorTitles":["","Modal Component","Modal Creation and Display"],"fullName":" Modal Component Modal Creation and Display should create modal with default options","status":"passed","title":"should create modal with default options","duration":10,"failureMessages":[]},{"ancestorTitles":["","Modal Component","Modal Creation and Display"],"fullName":" Modal Component Modal Creation and Display should create modal with custom options","status":"passed","title":"should create modal with custom options","duration":2,"failureMessages":[]},{"ancestorTitles":["","Modal Component","Modal Creation and Display"],"fullName":" Modal Component Modal Creation and Display should show modal and update visibility state","status":"passed","title":"should show modal and update visibility state","duration":6,"failureMessages":[]},{"ancestorTitles":["","Modal Component","Modal Creation and Display"],"fullName":" Modal Component Modal Creation and Display should hide modal and clean up properly","status":"passed","title":"should hide modal and clean up properly","duration":4,"failureMessages":[]},{"ancestorTitles":["","Modal Component","Modal Creation and Display"],"fullName":" Modal Component Modal Creation and Display should generate proper HTML structure","status":"passed","title":"should generate proper HTML structure","duration":5,"failureMessages":[]},{"ancestorTitles":["","Modal Component","Event Handling"],"fullName":" Modal Component Event Handling should handle close button click","status":"passed","title":"should handle close button click","duration":3,"failureMessages":[]},{"ancestorTitles":["","Modal Component","Event Handling"],"fullName":" Modal Component Event Handling should handle action button clicks","status":"passed","title":"should handle action button clicks","duration":4,"failureMessages":[]},{"ancestorTitles":["","Modal Component","Event Handling"],"fullName":" Modal Component Event Handling should handle overlay click when enabled","status":"passed","title":"should handle overlay click when enabled","duration":3,"failureMessages":[]},{"ancestorTitles":["","Modal Component","Event Handling"],"fullName":" Modal Component Event Handling should not handle overlay click when disabled","status":"passed","title":"should not handle overlay click when disabled","duration":3,"failureMessages":[]},{"ancestorTitles":["","Modal Component","Event Handling"],"fullName":" Modal Component Event Handling should handle escape key when enabled","status":"passed","title":"should handle escape key when enabled","duration":3,"failureMessages":[]},{"ancestorTitles":["","Modal Component","Event Handling"],"fullName":" Modal Component Event Handling should trigger onShow callback","status":"passed","title":"should trigger onShow callback","duration":3,"failureMessages":[]},{"ancestorTitles":["","Modal Component","Event Handling"],"fullName":" Modal Component Event Handling should trigger onHide callback","status":"passed","title":"should trigger onHide callback","duration":2,"failureMessages":[]},{"ancestorTitles":["","Modal Component","Accessibility Features"],"fullName":" Modal Component Accessibility Features should have proper ARIA attributes","status":"passed","title":"should have proper ARIA attributes","duration":2,"failureMessages":[]},{"ancestorTitles":["","Modal Component","Accessibility Features"],"fullName":" Modal Component Accessibility Features should manage focus properly","status":"failed","title":"should manage focus properly","duration":10,"failureMessages":["expected \"spy\" to be called at least once"],"location":{"line":559,"column":39}},{"ancestorTitles":["","Modal Component","Accessibility Features"],"fullName":" Modal Component Accessibility Features should trap focus within modal","status":"passed","title":"should trap focus within modal","duration":3,"failureMessages":[]},{"ancestorTitles":["","Modal Component","Accessibility Features"],"fullName":" Modal Component Accessibility Features should restore focus on close","status":"passed","title":"should restore focus on close","duration":2,"failureMessages":[]},{"ancestorTitles":["","Modal Component","Accessibility Features"],"fullName":" Modal Component Accessibility Features should identify focusable elements correctly","status":"passed","title":"should identify focusable elements correctly","duration":5,"failureMessages":[]},{"ancestorTitles":["","Modal Component","Dynamic Content Updates"],"fullName":" Modal Component Dynamic Content Updates should update content dynamically","status":"passed","title":"should update content dynamically","duration":3,"failureMessages":[]},{"ancestorTitles":["","Modal Component","Dynamic Content Updates"],"fullName":" Modal Component Dynamic Content Updates should update title dynamically","status":"passed","title":"should update title dynamically","duration":3,"failureMessages":[]},{"ancestorTitles":["","Modal Component","Dynamic Content Updates"],"fullName":" Modal Component Dynamic Content Updates should set loading state","status":"passed","title":"should set loading state","duration":2,"failureMessages":[]},{"ancestorTitles":["","Modal Component","Dynamic Content Updates"],"fullName":" Modal Component Dynamic Content Updates should toggle visibility","status":"failed","title":"should toggle visibility","duration":2,"failureMessages":["expected \"spy\" to be called at least once"],"location":{"line":627,"column":26}},{"ancestorTitles":["","Modal Component","Error Handling and Edge Cases"],"fullName":" Modal Component Error Handling and Edge Cases should prevent multiple simultaneous show calls","status":"passed","title":"should prevent multiple simultaneous show calls","duration":1,"failureMessages":[]},{"ancestorTitles":["","Modal Component","Error Handling and Edge Cases"],"fullName":" Modal Component Error Handling and Edge Cases should prevent multiple simultaneous hide calls","status":"passed","title":"should prevent multiple simultaneous hide calls","duration":2,"failureMessages":[]},{"ancestorTitles":["","Modal Component","Error Handling and Edge Cases"],"fullName":" Modal Component Error Handling and Edge Cases should handle missing DOM elements gracefully","status":"passed","title":"should handle missing DOM elements gracefully","duration":1,"failureMessages":[]},{"ancestorTitles":["","Modal Component","Error Handling and Edge Cases"],"fullName":" Modal Component Error Handling and Edge Cases should handle empty button array","status":"passed","title":"should handle empty button array","duration":3,"failureMessages":[]},{"ancestorTitles":["","Modal Component","Error Handling and Edge Cases"],"fullName":" Modal Component Error Handling and Edge Cases should handle malformed button data","status":"failed","title":"should handle malformed button data","duration":3,"failureMessages":["expected [Function] to not throw an error but 'TypeError: Cannot read properties of …' was thrown"],"location":{"line":681,"column":14}},{"ancestorTitles":["","Modal Component","Error Handling and Edge Cases"],"fullName":" Modal Component Error Handling and Edge Cases should cleanup properly on destroy","status":"passed","title":"should cleanup properly on destroy","duration":1,"failureMessages":[]},{"ancestorTitles":["","Modal Component","Integration Scenarios"],"fullName":" Modal Component Integration Scenarios should work with component mock data","status":"passed","title":"should work with component mock data","duration":1,"failureMessages":[]},{"ancestorTitles":["","Modal Component","Integration Scenarios"],"fullName":" Modal Component Integration Scenarios should handle complex callback scenarios","status":"passed","title":"should handle complex callback scenarios","duration":2,"failureMessages":[]},{"ancestorTitles":["","Modal Component","Integration Scenarios"],"fullName":" Modal Component Integration Scenarios should support multiple modal instances","status":"failed","title":"should support multiple modal instances","duration":4,"failureMessages":["expected false to be true // Object.is equality"],"location":{"line":745,"column":32}},{"ancestorTitles":["","Modal Component","Performance Considerations"],"fullName":" Modal Component Performance Considerations should efficiently manage event listeners","status":"passed","title":"should efficiently manage event listeners","duration":2,"failureMessages":[]},{"ancestorTitles":["","Modal Component","Performance Considerations"],"fullName":" Modal Component Performance Considerations should handle rapid show/hide calls gracefully","status":"passed","title":"should handle rapid show/hide calls gracefully","duration":1,"failureMessages":[]}],"startTime":1753988029504,"endTime":1753988029606,"status":"failed","message":"","name":"/Users/austinorphan/Library/Mobile Documents/com~apple~CloudDocs/src/learnimals/tests/unit/components/Modal.enhanced.test.js"},{"assertionResults":[{"ancestorTitles":["","ThemeManager","Theme Manager Initialization"],"fullName":" ThemeManager Theme Manager Initialization should initialize with default options","status":"passed","title":"should initialize with default options","duration":6,"failureMessages":[]},{"ancestorTitles":["","ThemeManager","Theme Manager Initialization"],"fullName":" ThemeManager Theme Manager Initialization should initialize with custom options","status":"passed","title":"should initialize with custom options","duration":4,"failureMessages":[]},{"ancestorTitles":["","ThemeManager","Theme Manager Initialization"],"fullName":" ThemeManager Theme Manager Initialization should setup default themes","status":"passed","title":"should setup default themes","duration":2,"failureMessages":[]},{"ancestorTitles":["","ThemeManager","Theme Manager Initialization"],"fullName":" ThemeManager Theme Manager Initialization should load saved theme on initialization","status":"passed","title":"should load saved theme on initialization","duration":3,"failureMessages":[]},{"ancestorTitles":["","ThemeManager","Theme Manager Initialization"],"fullName":" ThemeManager Theme Manager Initialization should setup system theme detection when enabled","status":"passed","title":"should setup system theme detection when enabled","duration":2,"failureMessages":[]},{"ancestorTitles":["","ThemeManager","Theme Operations"],"fullName":" ThemeManager Theme Operations should set theme successfully","status":"passed","title":"should set theme successfully","duration":8,"failureMessages":[]},{"ancestorTitles":["","ThemeManager","Theme Operations"],"fullName":" ThemeManager Theme Operations should fail to set non-existent theme","status":"passed","title":"should fail to set non-existent theme","duration":2,"failureMessages":[]},{"ancestorTitles":["","ThemeManager","Theme Operations"],"fullName":" ThemeManager Theme Operations should not save theme when save parameter is false","status":"passed","title":"should not save theme when save parameter is false","duration":2,"failureMessages":[]},{"ancestorTitles":["","ThemeManager","Theme Operations"],"fullName":" ThemeManager Theme Operations should get current theme","status":"passed","title":"should get current theme","duration":2,"failureMessages":[]},{"ancestorTitles":["","ThemeManager","Theme Operations"],"fullName":" ThemeManager Theme Operations should get specific theme by ID","status":"passed","title":"should get specific theme by ID","duration":1,"failureMessages":[]},{"ancestorTitles":["","ThemeManager","Theme Operations"],"fullName":" ThemeManager Theme Operations should get all available themes","status":"passed","title":"should get all available themes","duration":1,"failureMessages":[]},{"ancestorTitles":["","ThemeManager","Theme Operations"],"fullName":" ThemeManager Theme Operations should toggle dark mode","status":"passed","title":"should toggle dark mode","duration":2,"failureMessages":[]},{"ancestorTitles":["","ThemeManager","Theme Operations"],"fullName":" ThemeManager Theme Operations should reset to default theme","status":"passed","title":"should reset to default theme","duration":1,"failureMessages":[]},{"ancestorTitles":["","ThemeManager","Theme Management"],"fullName":" ThemeManager Theme Management should add new theme successfully","status":"passed","title":"should add new theme successfully","duration":2,"failureMessages":[]},{"ancestorTitles":["","ThemeManager","Theme Management"],"fullName":" ThemeManager Theme Management should fail to add theme without required properties","status":"passed","title":"should fail to add theme without required properties","duration":1,"failureMessages":[]},{"ancestorTitles":["","ThemeManager","Theme Management"],"fullName":" ThemeManager Theme Management should remove theme successfully","status":"passed","title":"should remove theme successfully","duration":2,"failureMessages":[]},{"ancestorTitles":["","ThemeManager","Theme Management"],"fullName":" ThemeManager Theme Management should not remove default theme","status":"passed","title":"should not remove default theme","duration":1,"failureMessages":[]},{"ancestorTitles":["","ThemeManager","Theme Management"],"fullName":" ThemeManager Theme Management should switch to default when removing current theme","status":"passed","title":"should switch to default when removing current theme","duration":1,"failureMessages":[]},{"ancestorTitles":["","ThemeManager","CSS Variable Application"],"fullName":" ThemeManager CSS Variable Application should apply CSS variables correctly","status":"passed","title":"should apply CSS variables correctly","duration":2,"failureMessages":[]},{"ancestorTitles":["","ThemeManager","CSS Variable Application"],"fullName":" ThemeManager CSS Variable Application should update body classes correctly","status":"passed","title":"should update body classes correctly","duration":1,"failureMessages":[]},{"ancestorTitles":["","ThemeManager","Event System"],"fullName":" ThemeManager Event System should add event listeners","status":"passed","title":"should add event listeners","duration":1,"failureMessages":[]},{"ancestorTitles":["","ThemeManager","Event System"],"fullName":" ThemeManager Event System should remove event listeners","status":"passed","title":"should remove event listeners","duration":1,"failureMessages":[]},{"ancestorTitles":["","ThemeManager","Event System"],"fullName":" ThemeManager Event System should notify listeners on theme change","status":"passed","title":"should notify listeners on theme change","duration":2,"failureMessages":[]},{"ancestorTitles":["","ThemeManager","Event System"],"fullName":" ThemeManager Event System should handle listener errors gracefully","status":"passed","title":"should handle listener errors gracefully","duration":1,"failureMessages":[]},{"ancestorTitles":["","ThemeManager","System Integration"],"fullName":" ThemeManager System Integration should detect system color scheme preference","status":"passed","title":"should detect system color scheme preference","duration":1,"failureMessages":[]},{"ancestorTitles":["","ThemeManager","Import/Export Functionality"],"fullName":" ThemeManager Import/Export Functionality should export theme as JSON","status":"passed","title":"should export theme as JSON","duration":1,"failureMessages":[]},{"ancestorTitles":["","ThemeManager","Import/Export Functionality"],"fullName":" ThemeManager Import/Export Functionality should return null for non-existent theme export","status":"passed","title":"should return null for non-existent theme export","duration":1,"failureMessages":[]},{"ancestorTitles":["","ThemeManager","Import/Export Functionality"],"fullName":" ThemeManager Import/Export Functionality should import theme from JSON string","status":"passed","title":"should import theme from JSON string","duration":1,"failureMessages":[]},{"ancestorTitles":["","ThemeManager","Import/Export Functionality"],"fullName":" ThemeManager Import/Export Functionality should import theme from object","status":"passed","title":"should import theme from object","duration":2,"failureMessages":[]},{"ancestorTitles":["","ThemeManager","Error Handling and Edge Cases"],"fullName":" ThemeManager Error Handling and Edge Cases should handle missing localStorage gracefully","status":"failed","title":"should handle missing localStorage gracefully","duration":15,"failureMessages":["expected [Function] to not throw an error but 'TypeError: Cannot read properties of …' was thrown"],"location":{"line":669,"column":14}},{"ancestorTitles":["","ThemeManager","Error Handling and Edge Cases"],"fullName":" ThemeManager Error Handling and Edge Cases should handle malformed JSON in localStorage","status":"failed","title":"should handle malformed JSON in localStorage","duration":5,"failureMessages":["Cannot read properties of undefined (reading 'clear')"],"location":{"line":452,"column":23}},{"ancestorTitles":["","ThemeManager","Error Handling and Edge Cases"],"fullName":" ThemeManager Error Handling and Edge Cases should prevent duplicate initialization","status":"failed","title":"should prevent duplicate initialization","duration":2,"failureMessages":["Cannot read properties of undefined (reading 'clear')"],"location":{"line":452,"column":23}},{"ancestorTitles":["","ThemeManager","Error Handling and Edge Cases"],"fullName":" ThemeManager Error Handling and Edge Cases should cleanup properly on destroy","status":"failed","title":"should cleanup properly on destroy","duration":0,"failureMessages":["Cannot read properties of undefined (reading 'clear')"],"location":{"line":452,"column":23}},{"ancestorTitles":["","ThemeManager","Integration with Test Data Factory"],"fullName":" ThemeManager Integration with Test Data Factory should work with theme factory data","status":"failed","title":"should work with theme factory data","duration":2,"failureMessages":["Cannot read properties of undefined (reading 'clear')"],"location":{"line":452,"column":23}}],"startTime":1753988030132,"endTime":1753988030215,"status":"failed","message":"","name":"/Users/austinorphan/Library/Mobile Documents/com~apple~CloudDocs/src/learnimals/tests/unit/utils/themeManager.enhanced.test.js"}]}